{"/home/lguilhermefp/repos/react-tests/src/components/App.js": {"path":"/home/lguilhermefp/repos/react-tests/src/components/App.js","statementMap":{"0":{"start":{"line":10,"column":4},"end":{"line":10,"column":17}},"1":{"start":{"line":11,"column":4},"end":{"line":11,"column":29}},"2":{"start":{"line":15,"column":4},"end":{"line":28,"column":6}}},"fnMap":{"0":{"name":"(anonymous_0)","decl":{"start":{"line":9,"column":2},"end":{"line":9,"column":3}},"loc":{"start":{"line":9,"column":21},"end":{"line":12,"column":3}},"line":9},"1":{"name":"(anonymous_1)","decl":{"start":{"line":14,"column":2},"end":{"line":14,"column":3}},"loc":{"start":{"line":14,"column":11},"end":{"line":29,"column":3}},"line":14}},"branchMap":{},"s":{"0":2,"1":2,"2":2},"f":{"0":2,"1":2},"b":{},"_coverageSchema":"43e27e138ebf9cfc5966b082cf9a028302ed4184","hash":"184fb0cd4a70f937535a7fa754161dc762184f9e"}
}
